C51 COMPILER V9.01   TEMP                                                                  04/20/2017 22:44:39 PAGE 1   


C51 COMPILER V9.01, COMPILATION OF MODULE TEMP
OBJECT MODULE PLACED IN temp.OBJ
COMPILER INVOKED BY: C:\Keil\C51\BIN\C51.EXE temp.c BROWSE DEBUG OBJECTEXTEND

line level    source

   1          #include "temp.h"
   2          
   3          void Delaylms(uint y)
   4          {
   5   1              uint x;
   6   1              for(;y>0;y--)
   7   1              {
   8   2                      for(x=110;x>0;x--);
   9   2              }
  10   1      }
  11          
  12          uchar Ds18b20Init()
  13          {
  14   1              uchar i = 0;
  15   1              DSPORT = 0;
  16   1              i = 70;
  17   1              while(i--);
  18   1              DSPORT = 1;
  19   1              i = 0;
  20   1              while(DSPORT)
  21   1              {
  22   2                      Delaylms(1);
  23   2                      i++;
  24   2                      if(i>5)
  25   2                      {
  26   3                              return 0;
  27   3                      }
  28   2              }
  29   1              return 1;
  30   1      
  31   1      }
  32          
  33          void Ds18b20WriteByte(uchar dat)
  34          {
  35   1              uchar i, j;
  36   1              for(j = 0;j<8;j++)
  37   1              {
  38   2                      DSPORT = 0;
  39   2                      i++;
  40   2                      DSPORT = dat & 0x01;
  41   2                      while(i--);
  42   2                      DSPORT = 1;
  43   2                      dat>>=1;
  44   2              }
  45   1      }
  46          
  47          uchar Ds18b20ReadByte()
  48          {
  49   1              uint i, j;
  50   1              uchar bi, byte;
  51   1              for(j=8;j>0;j--)
  52   1              {
  53   2                      DSPORT = 0;
  54   2                      i++;
  55   2                      DSPORT = 1;
C51 COMPILER V9.01   TEMP                                                                  04/20/2017 22:44:39 PAGE 2   

  56   2                      i++;
  57   2                      i++;
  58   2      
  59   2              }
  60   1      }
*** WARNING C173 IN LINE 60 OF TEMP.C: missing return-expression
*** WARNING C280 IN LINE 50 OF TEMP.C: 'bi': unreferenced local variable
*** WARNING C280 IN LINE 50 OF TEMP.C: 'byte': unreferenced local variable
*** WARNING C290 IN LINE 60 OF TEMP.C: missing return value


MODULE INFORMATION:   STATIC OVERLAYABLE
   CODE SIZE        =    137    ----
   CONSTANT SIZE    =   ----    ----
   XDATA SIZE       =   ----    ----
   PDATA SIZE       =   ----    ----
   DATA SIZE        =   ----       5
   IDATA SIZE       =   ----    ----
   BIT SIZE         =   ----    ----
END OF MODULE INFORMATION.


C51 COMPILATION COMPLETE.  4 WARNING(S),  0 ERROR(S)
