C51 COMPILER V9.01   MAIN                                                                  02/19/2017 23:00:18 PAGE 1   


C51 COMPILER V9.01, COMPILATION OF MODULE MAIN
OBJECT MODULE PLACED IN main.OBJ
COMPILER INVOKED BY: C:\Keil\C51\BIN\C51.EXE main.c BROWSE DEBUG OBJECTEXTEND

line level    source

   1          #include "reg52.h"
   2          #include "intrins.h"
   3          
   4          typedef unsigned char u8;
   5          typedef unsigned int u16;
   6          
   7          sbit LSA = P2^2;
   8          sbit LSB = P2^3;
   9          sbit LSC = P2^4;
  10          
  11          u8 code smgduan[] = {0x3f, 0x06, 0x5b, 0x4f, 0x66, 0x6d, 0x7d, 0x07, 0x7f, 0x6f, 0x77, 0x7c, 0x39, 0x5e, 0
             -x79, 0x71, 0x00};
  12          int j = 0;
  13          int m = 1000;
  14          void main(void)
  15          {
  16   1              int i = 0;
  17   1              LSA = 0;
  18   1              LSB = 0;
  19   1              LSC = 0;
  20   1              while(1)
  21   1              {       for(j = 0;j < 7;j++)
  22   2                      {
  23   3                              for(i = 0;i < 17; i++)
  24   3                              {
  25   4                                      while(m--);
  26   4                                      P0 = smgduan[i]; 
  27   4                              }
  28   3                              switch(j)
  29   3                              {
  30   4                                      case 0:
  31   4                                              LSA = 1;
  32   4                                              LSB = 0;
  33   4                                              LSC = 0;
  34   4                                              break;
  35   4                                      case 1:
  36   4                                              LSA = 0;
  37   4                                              LSB = 1;
  38   4                                              LSC = 0;
  39   4                                              break;
  40   4                                      case 2:
  41   4                                              LSA = 1;
  42   4                                              LSB = 1;
  43   4                                              LSC = 0;
  44   4                                              break;
  45   4                                      case 3:
  46   4                                              LSA = 0;
  47   4                                              LSB = 0;
  48   4                                              LSC = 1;
  49   4                                              break;
  50   4                                      case 4:
  51   4                                              LSA = 1;
  52   4                                              LSB = 0;
  53   4                                              LSC = 1;
  54   4                                              break;
C51 COMPILER V9.01   MAIN                                                                  02/19/2017 23:00:18 PAGE 2   

  55   4                                      case 6:
  56   4                                              LSA = 1;
  57   4                                              LSB = 1;
  58   4                                              LSC = 1;
  59   4                                              break;
  60   4                                      default:
  61   4                                              break;
  62   4                              }
  63   3                                      
  64   3                      }
  65   2              }        
  66   1              
  67   1      }


MODULE INFORMATION:   STATIC OVERLAYABLE
   CODE SIZE        =    132    ----
   CONSTANT SIZE    =     17    ----
   XDATA SIZE       =   ----    ----
   PDATA SIZE       =   ----    ----
   DATA SIZE        =      4    ----
   IDATA SIZE       =   ----    ----
   BIT SIZE         =   ----    ----
END OF MODULE INFORMATION.


C51 COMPILATION COMPLETE.  0 WARNING(S),  0 ERROR(S)
