C51 COMPILER V9.01   MAIN                                                                  02/18/2017 22:57:01 PAGE 1   


C51 COMPILER V9.01, COMPILATION OF MODULE MAIN
OBJECT MODULE PLACED IN main.OBJ
COMPILER INVOKED BY: C:\Keil\C51\BIN\C51.EXE main.c BROWSE DEBUG OBJECTEXTEND

line level    source

   1          #include "reg52.h"
   2          #include "intrins.h"
   3          
   4          #define led P2
   5          
   6          typedef unsigned char u8;
   7          typedef unsigned int u16;
   8          
   9          
  10          void delay(u16 i)
  11          {
  12   1              u16 j = i;
  13   1              while(i--);
  14   1              
  15   1      }
  16           int TIME = 60000;
  17          void main(void)
  18          {               while(1)
  19   1      {
  20   2              u8 i;
  21   2              led = 0xfe;                      // 11111110
  22   2      
  23   2              for(i = 0;i < 7;i++)
  24   2              {       
  25   3              
  26   3                      delay(TIME);
  27   3                      led = _crol_(led,1);    
  28   3              }
  29   2                      if(TIME > 3000)
  30   2                              TIME -= 1000;
  31   2              for(i = 0;i < 7;i++)
  32   2              {       
  33   3                      
  34   3                      delay(TIME);
  35   3                      led = _cror_(led,1);    
  36   3              }                
  37   2      
  38   2              }
  39   1      }


MODULE INFORMATION:   STATIC OVERLAYABLE
   CODE SIZE        =    109    ----
   CONSTANT SIZE    =   ----    ----
   XDATA SIZE       =   ----    ----
   PDATA SIZE       =   ----    ----
   DATA SIZE        =      2       3
   IDATA SIZE       =   ----    ----
   BIT SIZE         =   ----    ----
END OF MODULE INFORMATION.


C51 COMPILATION COMPLETE.  0 WARNING(S),  0 ERROR(S)
