C51 COMPILER V9.01   MAIN                                                                  02/28/2017 20:37:59 PAGE 1   


C51 COMPILER V9.01, COMPILATION OF MODULE MAIN
OBJECT MODULE PLACED IN main.OBJ
COMPILER INVOKED BY: C:\Keil\C51\BIN\C51.EXE main.c BROWSE DEBUG OBJECTEXTEND

line level    source

   1          #include "reg51.h"
   2          #include "intrins.h"
   3          
   4          typedef unsigned char u8;
   5          typedef unsigned int u16;
   6          
   7          sbit SRCLK = P3^6;
   8          sbit RCLK = P3^5;
   9          sbit SER = P3^4;
  10          
  11          u8 ledduan[] = {0x00, 0x00, 0x3e, 0x41, 0x41, 0x3e, 0x00};
  12          u8 ledwei[] = {0x7f, 0xbf, 0xef, 0xf7, 0xfb, 0xfd, 0xfe};
  13          
  14          void delay(u16 i)
  15          {
  16   1              while(i--);
  17   1      }
  18          
  19          void Hc595SendByte(u8 dat)
  20          {
  21   1              u8 a;
  22   1              SRCLK = 0;
  23   1              for(a = 0;a<8;a++)
  24   1              {
  25   2                      SER = dat>>7;
  26   2                      dat<<1;
*** WARNING C275 IN LINE 26 OF MAIN.C: expression with possibly no effect
  27   2                      SRCLK = 1;
  28   2                      _nop_();
  29   2                      _nop_();
  30   2                      SRCLK = 0;
  31   2              }
  32   1              RCLK = 1;
  33   1              _nop_();
  34   1              _nop_();
  35   1              RCLK = 0;
  36   1      
  37   1      }
  38          
  39          void main(void)
  40          {
  41   1              u8 i;
  42   1              Hc595SendByte(0x80);
  43   1              P0 = 0x7f;
  44   1              while(1)
  45   1              {
  46   2                      for(i = 0;i<8;i++)
  47   2                      {
  48   3                              P0=ledwei[i];
  49   3                              Hc595SendByte(ledduan[i]);
  50   3      
  51   3                              delay(100);
  52   3                              
  53   3                              Hc595SendByte(0x00);
  54   3                      }
C51 COMPILER V9.01   MAIN                                                                  02/28/2017 20:37:59 PAGE 2   

  55   2              }
  56   1      }


MODULE INFORMATION:   STATIC OVERLAYABLE
   CODE SIZE        =     87    ----
   CONSTANT SIZE    =   ----    ----
   XDATA SIZE       =   ----    ----
   PDATA SIZE       =   ----    ----
   DATA SIZE        =     14    ----
   IDATA SIZE       =   ----    ----
   BIT SIZE         =   ----    ----
END OF MODULE INFORMATION.


C51 COMPILATION COMPLETE.  1 WARNING(S),  0 ERROR(S)
