C51 COMPILER V9.01   MAIN                                                                  02/20/2017 23:01:29 PAGE 1   


C51 COMPILER V9.01, COMPILATION OF MODULE MAIN
OBJECT MODULE PLACED IN main.OBJ
COMPILER INVOKED BY: C:\Keil\C51\BIN\C51.EXE main.c BROWSE DEBUG OBJECTEXTEND

line level    source

   1          #include "reg52.h"
   2          #include "intrins.h"
   3          
   4          typedef unsigned char u8;
   5          typedef unsigned int u16;
   6          
   7          sbit LSA = P2^2;
   8          sbit LSB = P2^3;
   9          sbit LSC = P2^4;
  10          
  11          u8 code smgduan[] = {0x3f, 0x06, 0x5b, 0x4f, 0x66, 0x6d, 0x7d, 0x07, 0x7f, 0x6f, 0x77, 0x7c, 0x39, 0x5e, 0
             -x79, 0x71, 0x00};
  12          int j = 0;
  13          int m = 10000;
  14          void delay(int i)
  15          {
  16   1              while(i--);
  17   1      }
  18          
  19          void DigDisplay()
  20          {
  21   1              u8 j;
  22   1              while(1)
  23   1              {       for(j = 0;j < 8;j++)
  24   2                      {
  25   3                              switch(j)
  26   3                              {
  27   4                                      case 7:
  28   4                                              LSA = 0;
  29   4                                              LSB = 0;
  30   4                                              LSC = 0;
  31   4                                              break;
  32   4                                      case 6:
  33   4                                              LSA = 1;
  34   4                                              LSB = 0;
  35   4                                              LSC = 0;
  36   4                                              break;
  37   4                                      case 5:
  38   4                                              LSA = 0;
  39   4                                              LSB = 1;
  40   4                                              LSC = 0;
  41   4                                              break;
  42   4                                      case 4:
  43   4                                              LSA = 1;
  44   4                                              LSB = 1;
  45   4                                              LSC = 0;
  46   4                                              break;
  47   4                                      case 3:
  48   4                                              LSA = 0;
  49   4                                              LSB = 0;
  50   4                                              LSC = 1;
  51   4                                              break;
  52   4                                      case 2:
  53   4                                              LSA = 1;
  54   4                                              LSB = 0;
C51 COMPILER V9.01   MAIN                                                                  02/20/2017 23:01:29 PAGE 2   

  55   4                                              LSC = 1;
  56   4                                              break;
  57   4                                      case 1:
  58   4                                              LSA = 0;
  59   4                                              LSB = 1;
  60   4                                              LSC = 1;
  61   4                                              break;
  62   4                                      case 0:
  63   4                                              LSA = 1;
  64   4                                              LSB = 1;
  65   4                                              LSC = 1;
  66   4                                      default:
  67   4                                              break;
  68   4                              }
  69   3                      P0 = smgduan[j];
  70   3                      delay(m--);     
  71   3                      P0 = 0X00;      
  72   3                      }
  73   2              }        
  74   1      }
  75          void main()
  76          {       
  77   1              DigDisplay();
  78   1              
  79   1      }


MODULE INFORMATION:   STATIC OVERLAYABLE
   CODE SIZE        =    131    ----
   CONSTANT SIZE    =     17    ----
   XDATA SIZE       =   ----    ----
   PDATA SIZE       =   ----    ----
   DATA SIZE        =      4    ----
   IDATA SIZE       =   ----    ----
   BIT SIZE         =   ----    ----
END OF MODULE INFORMATION.


C51 COMPILATION COMPLETE.  0 WARNING(S),  0 ERROR(S)
