C51 COMPILER V9.01   MAIN                                                                  02/18/2017 23:32:49 PAGE 1   


C51 COMPILER V9.01, COMPILATION OF MODULE MAIN
OBJECT MODULE PLACED IN main.OBJ
COMPILER INVOKED BY: C:\Keil\C51\BIN\C51.EXE main.c BROWSE DEBUG OBJECTEXTEND

line level    source

   1          #include "reg52.h"
   2          #include "intrins.h"
   3          #define TIME 60000
   4          
   5          sbit beep = P1^5;
   6          sbit led = P2;
   7          
   8          typedef unsigned char u8;
   9          typedef unsigned int u16;
  10          
  11          
  12          void delay(u16 i)
  13          {
  14   1              u16 j = i;
  15   1              while(i--);
  16   1              
  17   1      }
  18              
  19          void main(void)
  20          {
  21   1              led = 0xfe;
  22   1              while(1)
  23   1              {
  24   2      
  25   2                      beep = ~beep;
  26   2                      led = _crol_(led,1);
  27   2                      delay(TIME);
  28   2      
  29   2              }               
  30   1      }


MODULE INFORMATION:   STATIC OVERLAYABLE
   CODE SIZE        =     45    ----
   CONSTANT SIZE    =   ----    ----
   XDATA SIZE       =   ----    ----
   PDATA SIZE       =   ----    ----
   DATA SIZE        =   ----       2
   IDATA SIZE       =   ----    ----
   BIT SIZE         =   ----    ----
END OF MODULE INFORMATION.


C51 COMPILATION COMPLETE.  0 WARNING(S),  0 ERROR(S)
