C51 COMPILER V9.01   MAIN                                                                  03/02/2017 22:58:48 PAGE 1   


C51 COMPILER V9.01, COMPILATION OF MODULE MAIN
OBJECT MODULE PLACED IN main.OBJ
COMPILER INVOKED BY: C:\Keil\C51\BIN\C51.EXE main.c BROWSE DEBUG OBJECTEXTEND

line level    source

   1          #include "reg52.h"
   2          #include "intrins.h"
   3          typedef unsigned char u8;
   4          typedef unsigned int u16;
   5          
   6          sbit led = P2^2;
   7          sbit k3 = P3^2;
   8          
   9          void Int0Init()
  10          {
  11   1              IT0 = 1;
  12   1              EX0 = 1;
  13   1              EA = 1;
  14   1      }
  15          
  16            VOID Int0() interrupt 0
*** ERROR C129 IN LINE 16 OF MAIN.C: missing ';' before 'Int0'
  17          {
  18                  delay(1000);
  19                  if(k3==0)
  20                  {
  21                          led =~ led;
  22                  }
  23          }
  24          void delay(u16 i)
  25          {
  26                  u16 j = i;
  27                  while(i--);
  28                  
  29          }
  30          
  31          
  32          void main(void)
  33          {
  34                  Int0Init();
  35                  while(1);
  36          }
  37          

C51 COMPILATION COMPLETE.  0 WARNING(S),  1 ERROR(S)
