C51 COMPILER V9.01   MAIN                                                                  03/09/2017 20:13:16 PAGE 1   


C51 COMPILER V9.01, COMPILATION OF MODULE MAIN
OBJECT MODULE PLACED IN main.OBJ
COMPILER INVOKED BY: C:\Keil\C51\BIN\C51.EXE main.c BROWSE DEBUG OBJECTEXTEND

line level    source

   1          #include "reg52.h"
   2          #include "intrins.h"
   3          typedef unsigned char u8;
   4          typedef unsigned int u16;
   5          
   6          void delay(u16 i)
   7          {
   8   1              u16 j = i;
   9   1              while(i--);
  10   1              
  11   1      }
  12          
  13          void UsartInit()
  14          {
  15   1              TMOD = 0x20;
  16   1              TH1=0XF3;
  17   1              TL1=0XF3;
  18   1              PCON=0x80;
  19   1              TR1=1;
  20   1              SCON=0x50;
  21   1              ES=1;
  22   1              EA=1;
  23   1      }
  24          
  25          void main(void)
  26          {
  27   1              UsartInit();
  28   1              while(1);
  29   1      }
  30          
  31          void Usart() interrupt 4
  32          {
  33   1              u8 receiveData;
  34   1              receiveData = SBUF;
  35   1              RI = 0;
  36   1              SBUF = receiveData;
  37   1              while(!TI);
  38   1              TI=0;
  39   1      
  40   1      }


MODULE INFORMATION:   STATIC OVERLAYABLE
   CODE SIZE        =     65    ----
   CONSTANT SIZE    =   ----    ----
   XDATA SIZE       =   ----    ----
   PDATA SIZE       =   ----    ----
   DATA SIZE        =   ----       2
   IDATA SIZE       =   ----    ----
   BIT SIZE         =   ----    ----
END OF MODULE INFORMATION.


C51 COMPILATION COMPLETE.  0 WARNING(S),  0 ERROR(S)
