C51 COMPILER V9.01   MAIN                                                                  02/26/2017 22:38:27 PAGE 1   


C51 COMPILER V9.01, COMPILATION OF MODULE MAIN
OBJECT MODULE PLACED IN main.OBJ
COMPILER INVOKED BY: C:\Keil\C51\BIN\C51.EXE main.c BROWSE DEBUG OBJECTEXTEND

line level    source

   1          #include "reg52.h"
   2          #include "intrins.h"
   3          
   4          sbit led = P2^0 ;
   5          sbit key = P3^1 ;
   6          
   7          
   8          typedef unsigned char u8;
   9          typedef unsigned int u16;
  10          
  11          
  12          void delay(u16 i)
  13          {
  14   1              while(i--);     
  15   1      }
  16          
  17          void keypros()
  18          {
  19   1              if(key == 0)
  20   1              {
  21   2                      delay(1000);
  22   2                      if(key == 0)
  23   2                      {
  24   3                              
  25   3                      }
  26   2                      while(!key);  led =~ led;
  27   2              }
  28   1      }
  29          
  30          void main()
  31          {       while(1)
  32   1                      keypros();
  33   1      }


MODULE INFORMATION:   STATIC OVERLAYABLE
   CODE SIZE        =     32    ----
   CONSTANT SIZE    =   ----    ----
   XDATA SIZE       =   ----    ----
   PDATA SIZE       =   ----    ----
   DATA SIZE        =   ----    ----
   IDATA SIZE       =   ----    ----
   BIT SIZE         =   ----    ----
END OF MODULE INFORMATION.


C51 COMPILATION COMPLETE.  0 WARNING(S),  0 ERROR(S)
